{
  "RSpec": {
    "coverage": {
      "/Users/sarahbarnekow/rails/statusboard/app/controllers/application_controller.rb": [
        1,
        1,
        null
      ],
      "/Users/sarahbarnekow/rails/statusboard/app/helpers/application_helper.rb": [
        1,
        null
      ],
      "/Users/sarahbarnekow/rails/statusboard/app/controllers/hypem_controller.rb": [
        1,
        1,
        0,
        null,
        0,
        null,
        null,
        null,
        null,
        null,
        null,
        null,
        null,
        null,
        null,
        null,
        null,
        null,
        null,
        null,
        null
      ],
      "/Users/sarahbarnekow/rails/statusboard/app/models/hypem.rb": [

      ]
    },
    "timestamp": 1368741761
  }
}
